
=PROGRESS REPORT==== 29-Apr-2014::00:18:46 ===
          supervisor: {local,sasl_safe_sup}
             started: [{pid,<0.45.0>},
                       {name,alarm_handler},
                       {mfargs,{alarm_handler,start_link,[]}},
                       {restart_type,permanent},
                       {shutdown,2000},
                       {child_type,worker}]

=PROGRESS REPORT==== 29-Apr-2014::00:18:46 ===
          supervisor: {local,sasl_safe_sup}
             started: [{pid,<0.46.0>},
                       {name,overload},
                       {mfargs,{overload,start_link,[]}},
                       {restart_type,permanent},
                       {shutdown,2000},
                       {child_type,worker}]

=PROGRESS REPORT==== 29-Apr-2014::00:18:46 ===
          supervisor: {local,sasl_sup}
             started: [{pid,<0.44.0>},
                       {name,sasl_safe_sup},
                       {mfargs,
                           {supervisor,start_link,
                               [{local,sasl_safe_sup},sasl,safe]}},
                       {restart_type,permanent},
                       {shutdown,infinity},
                       {child_type,supervisor}]

=PROGRESS REPORT==== 29-Apr-2014::00:18:46 ===
          supervisor: {local,sasl_sup}
             started: [{pid,<0.47.0>},
                       {name,release_handler},
                       {mfargs,{release_handler,start_link,[]}},
                       {restart_type,permanent},
                       {shutdown,2000},
                       {child_type,worker}]

=PROGRESS REPORT==== 29-Apr-2014::00:18:46 ===
         application: sasl
          started_at: ejabberd@localhost

=PROGRESS REPORT==== 29-Apr-2014::00:18:46 ===
          supervisor: {local,kernel_safe_sup}
             started: [{pid,<0.50.0>},
                       {name,dets_sup},
                       {mfargs,{dets_sup,start_link,[]}},
                       {restart_type,permanent},
                       {shutdown,1000},
                       {child_type,supervisor}]

=PROGRESS REPORT==== 29-Apr-2014::00:18:46 ===
          supervisor: {local,kernel_safe_sup}
             started: [{pid,<0.51.0>},
                       {name,dets},
                       {mfargs,{dets_server,start_link,[]}},
                       {restart_type,permanent},
                       {shutdown,2000},
                       {child_type,worker}]

=PROGRESS REPORT==== 29-Apr-2014::00:18:46 ===
          supervisor: {local,mnesia_sup}
             started: [{pid,<0.59.0>},
                       {name,mnesia_event},
                       {mfargs,{mnesia_sup,start_event,[]}},
                       {restart_type,permanent},
                       {shutdown,30000},
                       {child_type,worker}]

=PROGRESS REPORT==== 29-Apr-2014::00:18:46 ===
          supervisor: {local,mnesia_kernel_sup}
             started: [{pid,<0.61.0>},
                       {name,mnesia_monitor},
                       {mfargs,{mnesia_monitor,start,[]}},
                       {restart_type,permanent},
                       {shutdown,3000},
                       {child_type,worker}]

=PROGRESS REPORT==== 29-Apr-2014::00:18:46 ===
          supervisor: {local,mnesia_kernel_sup}
             started: [{pid,<0.62.0>},
                       {name,mnesia_subscr},
                       {mfargs,{mnesia_subscr,start,[]}},
                       {restart_type,permanent},
                       {shutdown,3000},
                       {child_type,worker}]

=PROGRESS REPORT==== 29-Apr-2014::00:18:46 ===
          supervisor: {local,mnesia_kernel_sup}
             started: [{pid,<0.63.0>},
                       {name,mnesia_locker},
                       {mfargs,{mnesia_locker,start,[]}},
                       {restart_type,permanent},
                       {shutdown,3000},
                       {child_type,worker}]

=PROGRESS REPORT==== 29-Apr-2014::00:18:46 ===
          supervisor: {local,mnesia_kernel_sup}
             started: [{pid,<0.64.0>},
                       {name,mnesia_recover},
                       {mfargs,{mnesia_recover,start,[]}},
                       {restart_type,permanent},
                       {shutdown,180000},
                       {child_type,worker}]

=PROGRESS REPORT==== 29-Apr-2014::00:18:46 ===
          supervisor: {local,kernel_safe_sup}
             started: [{pid,<0.69.0>},
                       {name,disk_log_sup},
                       {mfargs,{disk_log_sup,start_link,[]}},
                       {restart_type,permanent},
                       {shutdown,1000},
                       {child_type,supervisor}]

=PROGRESS REPORT==== 29-Apr-2014::00:18:46 ===
          supervisor: {local,kernel_safe_sup}
             started: [{pid,<0.70.0>},
                       {name,disk_log_server},
                       {mfargs,{disk_log_server,start_link,[]}},
                       {restart_type,permanent},
                       {shutdown,2000},
                       {child_type,worker}]

=PROGRESS REPORT==== 29-Apr-2014::00:18:46 ===
          supervisor: {local,kernel_safe_sup}
             started: [{pid,<0.87.0>},
                       {name,timer_server},
                       {mfargs,{timer,start_link,[]}},
                       {restart_type,permanent},
                       {shutdown,1000},
                       {child_type,worker}]

=PROGRESS REPORT==== 29-Apr-2014::00:18:46 ===
          supervisor: {local,mnesia_kernel_sup}
             started: [{pid,<0.65.0>},
                       {name,mnesia_tm},
                       {mfargs,{mnesia_tm,start,[]}},
                       {restart_type,permanent},
                       {shutdown,30000},
                       {child_type,worker}]

=PROGRESS REPORT==== 29-Apr-2014::00:18:46 ===
          supervisor: {local,mnesia_kernel_sup}
             started: [{pid,<0.88.0>},
                       {name,mnesia_checkpoint_sup},
                       {mfargs,{mnesia_checkpoint_sup,start,[]}},
                       {restart_type,permanent},
                       {shutdown,infinity},
                       {child_type,supervisor}]

=PROGRESS REPORT==== 29-Apr-2014::00:18:46 ===
          supervisor: {local,mnesia_kernel_sup}
             started: [{pid,<0.89.0>},
                       {name,mnesia_snmp_sup},
                       {mfargs,{mnesia_snmp_sup,start,[]}},
                       {restart_type,permanent},
                       {shutdown,infinity},
                       {child_type,supervisor}]

=PROGRESS REPORT==== 29-Apr-2014::00:18:46 ===
          supervisor: {local,mnesia_kernel_sup}
             started: [{pid,<0.90.0>},
                       {name,mnesia_controller},
                       {mfargs,{mnesia_controller,start,[]}},
                       {restart_type,permanent},
                       {shutdown,3000},
                       {child_type,worker}]

=PROGRESS REPORT==== 29-Apr-2014::00:18:46 ===
          supervisor: {local,mnesia_kernel_sup}
             started: [{pid,<0.91.0>},
                       {name,mnesia_late_loader},
                       {mfargs,{mnesia_late_loader,start,[]}},
                       {restart_type,permanent},
                       {shutdown,3000},
                       {child_type,worker}]

=PROGRESS REPORT==== 29-Apr-2014::00:18:46 ===
          supervisor: {local,mnesia_sup}
             started: [{pid,<0.60.0>},
                       {name,mnesia_kernel_sup},
                       {mfargs,{mnesia_kernel_sup,start,[]}},
                       {restart_type,permanent},
                       {shutdown,infinity},
                       {child_type,supervisor}]

=PROGRESS REPORT==== 29-Apr-2014::00:18:46 ===
         application: mnesia
          started_at: ejabberd@localhost

=PROGRESS REPORT==== 29-Apr-2014::00:18:46 ===
          supervisor: {local,crypto_sup}
             started: [{pid,<0.197.0>},
                       {name,crypto_server},
                       {mfargs,{crypto_server,start_link,[]}},
                       {restart_type,permanent},
                       {shutdown,2000},
                       {child_type,worker}]

=PROGRESS REPORT==== 29-Apr-2014::00:18:46 ===
         application: crypto
          started_at: ejabberd@localhost

=PROGRESS REPORT==== 29-Apr-2014::00:18:46 ===
          supervisor: {local,stringprep_sup}
             started: [{pid,<0.199.0>},
                       {name,stringprep},
                       {mfargs,{stringprep,start_link,[]}},
                       {restart_type,permanent},
                       {shutdown,brutal_kill},
                       {child_type,worker}]

=PROGRESS REPORT==== 29-Apr-2014::00:18:47 ===
          supervisor: {local,ejabberd_sup}
             started: [{pid,<0.236.0>},
                       {name,ejabberd_hooks},
                       {mfargs,{ejabberd_hooks,start_link,[]}},
                       {restart_type,permanent},
                       {shutdown,brutal_kill},
                       {child_type,worker}]

=PROGRESS REPORT==== 29-Apr-2014::00:18:47 ===
          supervisor: {local,kernel_safe_sup}
             started: [{pid,<0.238.0>},
                       {name,pg2},
                       {mfargs,{pg2,start_link,[]}},
                       {restart_type,permanent},
                       {shutdown,1000},
                       {child_type,worker}]

=PROGRESS REPORT==== 29-Apr-2014::00:18:47 ===
          supervisor: {local,ejabberd_sup}
             started: [{pid,<0.237.0>},
                       {name,ejabberd_node_groups},
                       {mfargs,{ejabberd_node_groups,start_link,[]}},
                       {restart_type,permanent},
                       {shutdown,brutal_kill},
                       {child_type,worker}]

=PROGRESS REPORT==== 29-Apr-2014::00:18:47 ===
          supervisor: {local,ejabberd_sup}
             started: [{pid,<0.239.0>},
                       {name,ejabberd_system_monitor},
                       {mfargs,{ejabberd_system_monitor,start_link,[]}},
                       {restart_type,permanent},
                       {shutdown,brutal_kill},
                       {child_type,worker}]

=PROGRESS REPORT==== 29-Apr-2014::00:18:47 ===
          supervisor: {local,ejabberd_sup}
             started: [{pid,<0.240.0>},
                       {name,ejabberd_router},
                       {mfargs,{ejabberd_router,start_link,[]}},
                       {restart_type,permanent},
                       {shutdown,brutal_kill},
                       {child_type,worker}]

=PROGRESS REPORT==== 29-Apr-2014::00:18:47 ===
          supervisor: {local,ejabberd_sup}
             started: [{pid,<0.243.0>},
                       {name,ejabberd_sm},
                       {mfargs,{ejabberd_sm,start_link,[]}},
                       {restart_type,permanent},
                       {shutdown,brutal_kill},
                       {child_type,worker}]

=PROGRESS REPORT==== 29-Apr-2014::00:18:47 ===
          supervisor: {local,ejabberd_sup}
             started: [{pid,<0.250.0>},
                       {name,ejabberd_s2s},
                       {mfargs,{ejabberd_s2s,start_link,[]}},
                       {restart_type,permanent},
                       {shutdown,brutal_kill},
                       {child_type,worker}]

=PROGRESS REPORT==== 29-Apr-2014::00:18:47 ===
          supervisor: {local,ejabberd_sup}
             started: [{pid,<0.253.0>},
                       {name,ejabberd_local},
                       {mfargs,{ejabberd_local,start_link,[]}},
                       {restart_type,permanent},
                       {shutdown,brutal_kill},
                       {child_type,worker}]

=PROGRESS REPORT==== 29-Apr-2014::00:18:47 ===
          supervisor: {local,ejabberd_sup}
             started: [{pid,<0.256.0>},
                       {name,ejabberd_captcha},
                       {mfargs,{ejabberd_captcha,start_link,[]}},
                       {restart_type,permanent},
                       {shutdown,brutal_kill},
                       {child_type,worker}]

=PROGRESS REPORT==== 29-Apr-2014::00:18:47 ===
          supervisor: {local,ejabberd_sup}
             started: [{pid,<0.259.0>},
                       {name,ejabberd_receiver_sup},
                       {mfargs,
                           {ejabberd_tmp_sup,start_link,
                               [ejabberd_receiver_sup,ejabberd_receiver]}},
                       {restart_type,permanent},
                       {shutdown,infinity},
                       {child_type,supervisor}]

=PROGRESS REPORT==== 29-Apr-2014::00:18:47 ===
          supervisor: {local,ejabberd_sup}
             started: [{pid,<0.260.0>},
                       {name,ejabberd_c2s_sup},
                       {mfargs,
                           {ejabberd_tmp_sup,start_link,
                               [ejabberd_c2s_sup,ejabberd_c2s]}},
                       {restart_type,permanent},
                       {shutdown,infinity},
                       {child_type,supervisor}]

=PROGRESS REPORT==== 29-Apr-2014::00:18:47 ===
          supervisor: {local,ejabberd_sup}
             started: [{pid,<0.261.0>},
                       {name,ejabberd_s2s_in_sup},
                       {mfargs,
                           {ejabberd_tmp_sup,start_link,
                               [ejabberd_s2s_in_sup,ejabberd_s2s_in]}},
                       {restart_type,permanent},
                       {shutdown,infinity},
                       {child_type,supervisor}]

=PROGRESS REPORT==== 29-Apr-2014::00:18:47 ===
          supervisor: {local,ejabberd_sup}
             started: [{pid,<0.262.0>},
                       {name,ejabberd_s2s_out_sup},
                       {mfargs,
                           {ejabberd_tmp_sup,start_link,
                               [ejabberd_s2s_out_sup,ejabberd_s2s_out]}},
                       {restart_type,permanent},
                       {shutdown,infinity},
                       {child_type,supervisor}]

=PROGRESS REPORT==== 29-Apr-2014::00:18:47 ===
          supervisor: {local,ejabberd_sup}
             started: [{pid,<0.263.0>},
                       {name,ejabberd_service_sup},
                       {mfargs,
                           {ejabberd_tmp_sup,start_link,
                               [ejabberd_service_sup,ejabberd_service]}},
                       {restart_type,permanent},
                       {shutdown,infinity},
                       {child_type,supervisor}]

=PROGRESS REPORT==== 29-Apr-2014::00:18:47 ===
          supervisor: {local,ejabberd_sup}
             started: [{pid,<0.264.0>},
                       {name,ejabberd_http_sup},
                       {mfargs,
                           {ejabberd_tmp_sup,start_link,
                               [ejabberd_http_sup,ejabberd_http]}},
                       {restart_type,permanent},
                       {shutdown,infinity},
                       {child_type,supervisor}]

=PROGRESS REPORT==== 29-Apr-2014::00:18:47 ===
          supervisor: {local,ejabberd_sup}
             started: [{pid,<0.265.0>},
                       {name,ejabberd_http_poll_sup},
                       {mfargs,
                           {ejabberd_tmp_sup,start_link,
                               [ejabberd_http_poll_sup,ejabberd_http_poll]}},
                       {restart_type,permanent},
                       {shutdown,infinity},
                       {child_type,supervisor}]

=PROGRESS REPORT==== 29-Apr-2014::00:18:47 ===
          supervisor: {local,ejabberd_sup}
             started: [{pid,<0.266.0>},
                       {name,ejabberd_iq_sup},
                       {mfargs,
                           {ejabberd_tmp_sup,start_link,
                               [ejabberd_iq_sup,gen_iq_handler]}},
                       {restart_type,permanent},
                       {shutdown,infinity},
                       {child_type,supervisor}]

=PROGRESS REPORT==== 29-Apr-2014::00:18:47 ===
          supervisor: {local,ejabberd_sup}
             started: [{pid,<0.267.0>},
                       {name,ejabberd_stun_sup},
                       {mfargs,
                           {ejabberd_tmp_sup,start_link,
                               [ejabberd_stun_sup,ejabberd_stun]}},
                       {restart_type,permanent},
                       {shutdown,infinity},
                       {child_type,supervisor}]

=PROGRESS REPORT==== 29-Apr-2014::00:18:47 ===
          supervisor: {local,ejabberd_sup}
             started: [{pid,<0.268.0>},
                       {name,ejabberd_frontend_socket_sup},
                       {mfargs,
                           {ejabberd_tmp_sup,start_link,
                               [ejabberd_frontend_socket_sup,
                                ejabberd_frontend_socket]}},
                       {restart_type,permanent},
                       {shutdown,infinity},
                       {child_type,supervisor}]

=PROGRESS REPORT==== 29-Apr-2014::00:18:47 ===
          supervisor: {local,ejabberd_sup}
             started: [{pid,<0.269.0>},
                       {name,cache_tab_sup},
                       {mfargs,{cache_tab_sup,start_link,[]}},
                       {restart_type,permanent},
                       {shutdown,infinity},
                       {child_type,supervisor}]

=PROGRESS REPORT==== 29-Apr-2014::00:18:47 ===
          supervisor: {local,ejabberd_sup}
             started: [{pid,<0.270.0>},
                       {name,ejabberd_listener},
                       {mfargs,{ejabberd_listener,start_link,[]}},
                       {restart_type,permanent},
                       {shutdown,infinity},
                       {child_type,supervisor}]

=PROGRESS REPORT==== 29-Apr-2014::00:18:47 ===
          supervisor: {local,cache_tab_sup}
             started: [{pid,<0.282.0>},
                       {name,{caps_features,cache_tab_caps_features_1}},
                       {mfargs,
                           {cache_tab,start_link,
                               [cache_tab_caps_features_1,caps_features,
                                [{max_size,1000},{life_time,86400}],
                                <0.279.0>]}},
                       {restart_type,permanent},
                       {shutdown,brutal_kill},
                       {child_type,worker}]

=PROGRESS REPORT==== 29-Apr-2014::00:18:47 ===
          supervisor: {local,cache_tab_sup}
             started: [{pid,<0.283.0>},
                       {name,{caps_features,cache_tab_caps_features_2}},
                       {mfargs,
                           {cache_tab,start_link,
                               [cache_tab_caps_features_2,caps_features,
                                [{max_size,1000},{life_time,86400}],
                                <0.279.0>]}},
                       {restart_type,permanent},
                       {shutdown,brutal_kill},
                       {child_type,worker}]

=PROGRESS REPORT==== 29-Apr-2014::00:18:47 ===
          supervisor: {local,cache_tab_sup}
             started: [{pid,<0.284.0>},
                       {name,{caps_features,cache_tab_caps_features_3}},
                       {mfargs,
                           {cache_tab,start_link,
                               [cache_tab_caps_features_3,caps_features,
                                [{max_size,1000},{life_time,86400}],
                                <0.279.0>]}},
                       {restart_type,permanent},
                       {shutdown,brutal_kill},
                       {child_type,worker}]

=PROGRESS REPORT==== 29-Apr-2014::00:18:47 ===
          supervisor: {local,cache_tab_sup}
             started: [{pid,<0.285.0>},
                       {name,{caps_features,cache_tab_caps_features_4}},
                       {mfargs,
                           {cache_tab,start_link,
                               [cache_tab_caps_features_4,caps_features,
                                [{max_size,1000},{life_time,86400}],
                                <0.279.0>]}},
                       {restart_type,permanent},
                       {shutdown,brutal_kill},
                       {child_type,worker}]

=PROGRESS REPORT==== 29-Apr-2014::00:18:47 ===
          supervisor: {local,ejabberd_sup}
             started: [{pid,<0.279.0>},
                       {name,ejabberd_mod_caps_localhost},
                       {mfargs,{mod_caps,start_link,["localhost",[]]}},
                       {restart_type,transient},
                       {shutdown,1000},
                       {child_type,worker}]

=PROGRESS REPORT==== 29-Apr-2014::00:18:47 ===
          supervisor: {local,ejabberd_sup}
             started: [{pid,<0.290.0>},
                       {name,ejabberd_mod_irc_sup_localhost},
                       {mfargs,
                           {ejabberd_tmp_sup,start_link,
                               [ejabberd_mod_irc_sup_localhost,
                                mod_irc_connection]}},
                       {restart_type,permanent},
                       {shutdown,infinity},
                       {child_type,supervisor}]

=PROGRESS REPORT==== 29-Apr-2014::00:18:47 ===
          supervisor: {local,ejabberd_sup}
             started: [{pid,<0.291.0>},
                       {name,ejabberd_mod_irc_localhost},
                       {mfargs,{mod_irc,start_link,["localhost",[]]}},
                       {restart_type,temporary},
                       {shutdown,1000},
                       {child_type,worker}]

=PROGRESS REPORT==== 29-Apr-2014::00:18:47 ===
          supervisor: {local,ejabberd_sup}
             started: [{pid,<0.295.0>},
                       {name,ejabberd_mod_http_bind_localhost},
                       {mfargs,
                           {ejabberd_tmp_sup,start_link,
                               [ejabberd_mod_http_bind_localhost,
                                ejabberd_http_bind]}},
                       {restart_type,permanent},
                       {shutdown,infinity},
                       {child_type,supervisor}]

=PROGRESS REPORT==== 29-Apr-2014::00:18:47 ===
          supervisor: {local,ejabberd_sup}
             started: [{pid,<0.299.0>},
                       {name,ejabberd_mod_muc_sup_localhost},
                       {mfargs,
                           {ejabberd_tmp_sup,start_link,
                               [ejabberd_mod_muc_sup_localhost,mod_muc_room]}},
                       {restart_type,permanent},
                       {shutdown,infinity},
                       {child_type,supervisor}]

=PROGRESS REPORT==== 29-Apr-2014::00:18:47 ===
          supervisor: {local,ejabberd_sup}
             started: [{pid,<0.300.0>},
                       {name,ejabberd_mod_muc_localhost},
                       {mfargs,
                           {mod_muc,start_link,
                               ["localhost",
                                [{access,muc},
                                 {access_create,muc_create},
                                 {access_persistent,muc_create},
                                 {access_admin,muc_admin}]]}},
                       {restart_type,temporary},
                       {shutdown,1000},
                       {child_type,worker}]

=PROGRESS REPORT==== 29-Apr-2014::00:18:47 ===
          supervisor: {local,ejabberd_sup}
             started: [{pid,<0.308.0>},
                       {name,mod_ping_localhost},
                       {mfargs,{mod_ping,start_link,["localhost",[]]}},
                       {restart_type,transient},
                       {shutdown,2000},
                       {child_type,worker}]

=PROGRESS REPORT==== 29-Apr-2014::00:18:47 ===
          supervisor: {local,ejabberd_sup}
             started: [{pid,<0.313.0>},
                       {name,ejabberd_mod_pubsub_localhost},
                       {mfargs,
                           {mod_pubsub,start_link,
                               ["localhost",
                                [{access_createnode,pubsub_createnode},
                                 {ignore_pep_from_offline,true},
                                 {last_item_cache,false},
                                 {plugins,["flat","hometree","pep"]}]]}},
                       {restart_type,transient},
                       {shutdown,1000},
                       {child_type,worker}]

=PROGRESS REPORT==== 29-Apr-2014::00:18:47 ===
          supervisor: {local,ejabberd_listeners}
             started: [{pid,<0.366.0>},
                       {name,{5222,{0,0,0,0},tcp}},
                       {mfargs,
                           {ejabberd_listener,start,
                               [{5222,{0,0,0,0},tcp},
                                ejabberd_c2s,
                                [{access,c2s},
                                 {shaper,c2s_shaper},
                                 {max_stanza_size,65536}]]}},
                       {restart_type,transient},
                       {shutdown,brutal_kill},
                       {child_type,worker}]

=PROGRESS REPORT==== 29-Apr-2014::00:18:47 ===
          supervisor: {local,ejabberd_listeners}
             started: [{pid,<0.367.0>},
                       {name,{5269,{0,0,0,0},tcp}},
                       {mfargs,
                           {ejabberd_listener,start,
                               [{5269,{0,0,0,0},tcp},
                                ejabberd_s2s_in,
                                [{shaper,s2s_shaper},
                                 {max_stanza_size,131072}]]}},
                       {restart_type,transient},
                       {shutdown,brutal_kill},
                       {child_type,worker}]

=PROGRESS REPORT==== 29-Apr-2014::00:18:47 ===
          supervisor: {local,ejabberd_listeners}
             started: [{pid,<0.368.0>},
                       {name,{5280,{0,0,0,0},tcp}},
                       {mfargs,
                           {ejabberd_listener,start,
                               [{5280,{0,0,0,0},tcp},
                                ejabberd_http,
                                [captcha,http_bind,http_poll,web_admin]]}},
                       {restart_type,transient},
                       {shutdown,brutal_kill},
                       {child_type,worker}]

=PROGRESS REPORT==== 29-Apr-2014::00:18:47 ===
         application: ejabberd
          started_at: ejabberd@localhost

=PROGRESS REPORT==== 29-Apr-2014::00:20:25 ===
          supervisor: {local,inet_gethost_native_sup}
             started: [{pid,<0.395.0>},{mfa,{inet_gethost_native,init,[[]]}}]

=PROGRESS REPORT==== 29-Apr-2014::00:20:25 ===
          supervisor: {local,kernel_safe_sup}
             started: [{pid,<0.394.0>},
                       {name,inet_gethost_native_sup},
                       {mfargs,{inet_gethost_native,start_link,[]}},
                       {restart_type,temporary},
                       {shutdown,1000},
                       {child_type,worker}]
